<?xml version="1.0" encoding="UTF-8"?>
<!-- Generated by org.testng.reporters.JUnitReportReporter -->
<testsuite hostname="DESKTOP-A5CHD3A" failures="0" tests="1" name="testScripts.BooksTest" time="2.736" errors="0" timestamp="2024-02-06T18:33:41 IST" skipped="0">
  <testcase classname="testScripts.BooksTest" name="book_003" time="2.736"/>
</testsuite> <!-- testScripts.BooksTest -->
