<?xml version="1.0" encoding="UTF-8"?>
<!-- Generated by org.testng.reporters.JUnitReportReporter -->
<testsuite hostname="DESKTOP-A5CHD3A" failures="0" tests="1" name="testScripts.HomePageTest" time="2.405" errors="0" timestamp="2024-02-07T18:18:43 IST" skipped="0">
  <testcase classname="testScripts.HomePageTest" name="homePage_003" time="2.405"/>
</testsuite> <!-- testScripts.HomePageTest -->
