<?xml version="1.0" encoding="UTF-8"?>
<!-- Generated by org.testng.reporters.JUnitReportReporter -->
<testsuite hostname="DESKTOP-A5CHD3A" failures="0" tests="10" name="testScripts.RegisterTest" time="12.089" errors="0" timestamp="2024-02-07T00:32:29 IST" skipped="0">
  <testcase classname="testScripts.RegisterTest" name="register_001" time="1.528"/>
  <testcase classname="testScripts.RegisterTest" name="register_001" time="1.246"/>
  <testcase classname="testScripts.RegisterTest" name="register_001" time="1.081"/>
  <testcase classname="testScripts.RegisterTest" name="register_001" time="1.131"/>
  <testcase classname="testScripts.RegisterTest" name="register_001" time="1.073"/>
  <testcase classname="testScripts.RegisterTest" name="register_001" time="1.284"/>
  <testcase classname="testScripts.RegisterTest" name="register_001" time="1.100"/>
  <testcase classname="testScripts.RegisterTest" name="register_001" time="1.539"/>
  <testcase classname="testScripts.RegisterTest" name="register_001" time="1.015"/>
  <testcase classname="testScripts.RegisterTest" name="register_001" time="1.092"/>
</testsuite> <!-- testScripts.RegisterTest -->
