<?xml version="1.0" encoding="UTF-8"?>
<!-- Generated by org.testng.reporters.JUnitReportReporter -->
<testsuite hostname="DESKTOP-A5CHD3A" failures="0" tests="2" name="testScripts.ComputersTest" time="7.589" errors="0" timestamp="2024-02-02T17:32:26 IST" skipped="0">
  <testcase classname="testScripts.ComputersTest" name="computer_001" time="3.624"/>
  <testcase classname="testScripts.ComputersTest" name="computers_desktop_001" time="3.965"/>
</testsuite> <!-- testScripts.ComputersTest -->
