<?xml version="1.0" encoding="UTF-8"?>
<!-- Generated by org.testng.reporters.JUnitReportReporter -->
<testsuite hostname="DESKTOP-A5CHD3A" failures="0" tests="2" name="reports.RepostExample" time="6.570" errors="0" timestamp="2024-02-06T16:47:09 IST" skipped="0">
  <testcase classname="reports.RepostExample" name="test" time="3.727"/>
  <testcase classname="reports.RepostExample" name="test2" time="2.843"/>
</testsuite> <!-- reports.RepostExample -->
