<?xml version="1.0" encoding="UTF-8"?>
<!-- Generated by org.testng.reporters.JUnitReportReporter -->
<testsuite hostname="DESKTOP-A5CHD3A" failures="0" tests="1" name="testScripts.LoginTest" time="0.012" errors="0" timestamp="2024-01-29T18:09:29 IST" skipped="0">
  <testcase classname="testScripts.LoginTest" name="login_001" time="0.012"/>
</testsuite> <!-- testScripts.LoginTest -->
